[2026-07-06T10:07:18.327Z][INFO] Command-line: /Applications/Unity/Hub/Editor/6000.5.1f1/Unity.app/Contents/Helpers/PackageManager/Server/UnityPackageManager server -s 20295 --ipc-path /tmp/Unity-Upm-20295.sock -l 2 --log-file '/Users/ooikaixuan/Downloads/School/Capstone/Storefront-Game/Storefront Game/Logs/upm.log'
[2026-07-06T10:07:18.355Z][INFO] IPC server started (IPC path=/tmp/Unity-Upm-20295.sock).
[2026-07-06T10:07:18.355Z][INFO] Hint: To connect to this UPM instance, launch Unity with the command-line parameter -upmIpcPath Upm-20295.
[2026-07-06T10:07:20.691Z][INFO] project:list-packages <-- Request received
params: {}
[2026-07-06T10:07:20.753Z][INFO] config:project:get-registries <-- Request received
params: {}
[2026-07-06T10:07:20.753Z][INFO] project:list-packages <-- Request received
params: {}
[2026-07-06T10:07:20.827Z][INFO] project:update-dependencies <-- Request received
params: {}
[2026-07-06T10:07:20.875Z][INFO] project:update-dependencies --> 200 (48 ms)
[2026-07-06T10:07:20.903Z][INFO] project:resolve-packages <-- Request received
params: {}
[2026-07-06T10:07:20.925Z][INFO] config:project:get-registries --> 200 (172 ms)
[2026-07-06T10:07:21.005Z][INFO] project:list-packages --> 200 (316 ms)
[2026-07-06T10:07:21.020Z][INFO] project:list-packages --> 200 (267 ms)
[2026-07-06T10:07:21.287Z][INFO] Downloading package [com.unity.package-manager.metadata-6000.5@0.0.51] from registry 'https://packages.unity.com'
[2026-07-06T10:07:22.420Z][INFO] Finished downloading package [com.unity.package-manager.metadata-6000.5@0.0.51] from registry 'https://packages.unity.com' (size: 11.4 kB, time: 1.1s)
[2026-07-06T10:07:30.830Z][WARN] Requested version [4.9.3] for package [com.unity.searcher] overridden by minimum version [4.9.4].
[2026-07-06T10:07:30.831Z][WARN] Requested version [1.8.14] for package [com.unity.burst] overridden by minimum version [1.8.29].
[2026-07-06T10:07:30.831Z][WARN] Requested version [3.2.0] for package [com.unity.test-framework.performance] overridden by minimum version [3.5.0].
[2026-07-06T10:07:30.832Z][INFO] project:resolve-packages --> 200 (9929 ms)
[2026-07-06T10:09:10.149Z][INFO] project:list-packages <-- Request received
params: {}
[2026-07-06T10:09:10.167Z][INFO] project:list-packages <-- Request received
params: {}
[2026-07-06T10:09:10.470Z][INFO] project:list-packages --> 200 (303 ms)
[2026-07-06T10:09:10.471Z][INFO] project:list-packages --> 200 (326 ms)
[2026-07-06T10:09:10.851Z][INFO] project:list-packages <-- Request received
params: {}
[2026-07-06T10:09:10.950Z][INFO] project:list-packages --> 200 (99 ms)
[2026-07-06T10:09:10.996Z][INFO] config:project:get-registries <-- Request received
params: {}
[2026-07-06T10:09:10.998Z][INFO] config:project:get-registries --> 200 (2 ms)
[2026-07-06T10:09:43.919Z][INFO] project:list-packages <-- Request received
params: {}
[2026-07-06T10:09:44.301Z][INFO] project:list-packages --> 200 (394 ms)
[2026-07-06T10:09:51.836Z][INFO] packages:get-all-packageinfo <-- Request received
params: {}
[2026-07-06T10:09:51.890Z][INFO] packages:get-all-packageinfo <-- Request received
params: {}
[2026-07-06T10:09:52.619Z][INFO] packages:get-all-packageinfo --> 200 (730 ms)
[2026-07-06T10:09:53.372Z][INFO] packages:get-packageinfo <-- Request received
params: {
  "packageId": "com.unity.addressables@2.9.1"
}
[2026-07-06T10:09:53.385Z][INFO] packages:get-packageinfo <-- Request received
params: {
  "packageId": "com.unity.ads.ios-support@1.0.1"
}
[2026-07-06T10:09:53.397Z][INFO] packages:get-packageinfo <-- Request received
params: {
  "packageId": "com.unity.learn.iet-framework@5.0.4"
}
[2026-07-06T10:09:53.405Z][INFO] packages:get-packageinfo <-- Request received
params: {
  "packageId": "com.unity.learn.iet-framework.authoring@1.5.4"
}
[2026-07-06T10:09:53.416Z][INFO] packages:get-packageinfo <-- Request received
params: {
  "packageId": "com.unity.probuilder@6.0.9"
}
[2026-07-06T10:09:53.473Z][INFO] packages:get-packageinfo <-- Request received
params: {
  "packageId": "com.unity.scriptablebuildpipeline@2.6.1"
}
[2026-07-06T10:09:53.484Z][INFO] packages:get-packageinfo <-- Request received
params: {
  "packageId": "com.unity.services.friends@1.1.1"
}
[2026-07-06T10:09:53.495Z][INFO] packages:get-packageinfo <-- Request received
params: {
  "packageId": "com.unity.services.moderation@1.0.2"
}
[2026-07-06T10:09:53.506Z][INFO] packages:get-packageinfo <-- Request received
params: {
  "packageId": "com.unity.services.multiplayer@2.1.3"
}
[2026-07-06T10:09:53.516Z][INFO] packages:get-packageinfo <-- Request received
params: {
  "packageId": "com.unity.xr.compositionlayers@2.4.0"
}
[2026-07-06T10:09:53.584Z][INFO] packages:get-packageinfo <-- Request received
params: {
  "packageId": "com.unity.xr.management@4.5.4"
}
[2026-07-06T10:09:53.659Z][INFO] packages:get-packageinfo --> 200 (287 ms)
[2026-07-06T10:09:53.660Z][INFO] packages:get-packageinfo --> 200 (275 ms)
[2026-07-06T10:09:53.676Z][INFO] packages:get-packageinfo --> 200 (271 ms)
[2026-07-06T10:09:53.678Z][INFO] packages:get-packageinfo --> 200 (281 ms)
[2026-07-06T10:09:53.680Z][INFO] packages:get-packageinfo --> 200 (264 ms)
[2026-07-06T10:09:53.739Z][INFO] packages:get-packageinfo --> 200 (255 ms)
[2026-07-06T10:09:53.741Z][INFO] packages:get-packageinfo --> 200 (268 ms)
[2026-07-06T10:09:53.746Z][INFO] packages:get-packageinfo --> 200 (240 ms)
[2026-07-06T10:09:53.751Z][INFO] packages:get-packageinfo --> 200 (256 ms)
[2026-07-06T10:09:53.865Z][INFO] packages:get-packageinfo --> 200 (349 ms)
[2026-07-06T10:09:53.894Z][INFO] packages:get-packageinfo --> 200 (310 ms)
[2026-07-06T10:09:56.743Z][INFO] packages:get-all-packageinfo --> 200 (4911 ms)
[2026-07-06T10:11:11.247Z][INFO] Received shutdown request (SIGTERM), shutting down Unity Package Manager
